2002.09.23 12:48 B C:\Program Files\Apache Group\Apache\htdocs\modules\images\1x1transparent.gif <-- Crusade /sjsucc/webroot/modules/images 1x1transparent.gif
2002.09.23 12:48 B C:\Program Files\Apache Group\Apache\htdocs\modules\images\bottom.gif <-- Crusade /sjsucc/webroot/modules/images bottom.gif
2002.09.23 12:48 B C:\Program Files\Apache Group\Apache\htdocs\modules\images\bullet.gif <-- Crusade /sjsucc/webroot/modules/images bullet.gif
2002.09.23 12:48 B C:\Program Files\Apache Group\Apache\htdocs\modules\images\button_add.gif <-- Crusade /sjsucc/webroot/modules/images button_add.gif
2002.09.23 12:48 B C:\Program Files\Apache Group\Apache\htdocs\modules\images\button_add_ro.gif <-- Crusade /sjsucc/webroot/modules/images button_add_ro.gif
2002.09.23 12:48 B C:\Program Files\Apache Group\Apache\htdocs\modules\images\button_back.gif <-- Crusade /sjsucc/webroot/modules/images button_back.gif
2002.09.23 12:48 B C:\Program Files\Apache Group\Apache\htdocs\modules\images\button_back_ro.gif <-- Crusade /sjsucc/webroot/modules/images button_back_ro.gif
2002.09.23 12:48 B C:\Program Files\Apache Group\Apache\htdocs\modules\images\button_cancel.gif <-- Crusade /sjsucc/webroot/modules/images button_cancel.gif
2002.09.23 12:48 B C:\Program Files\Apache Group\Apache\htdocs\modules\images\button_delete.gif <-- Crusade /sjsucc/webroot/modules/images button_delete.gif
2002.09.23 12:48 B C:\Program Files\Apache Group\Apache\htdocs\modules\images\button_edit.gif <-- Crusade /sjsucc/webroot/modules/images button_edit.gif
2002.09.23 12:48 B C:\Program Files\Apache Group\Apache\htdocs\modules\images\button_enter.gif <-- Crusade /sjsucc/webroot/modules/images button_enter.gif
2002.09.23 12:48 B C:\Program Files\Apache Group\Apache\htdocs\modules\images\button_ok.gif <-- Crusade /sjsucc/webroot/modules/images button_ok.gif
2002.09.23 12:48 B C:\Program Files\Apache Group\Apache\htdocs\modules\images\control_bottom.gif <-- Crusade /sjsucc/webroot/modules/images control_bottom.gif
2002.09.23 12:48 B C:\Program Files\Apache Group\Apache\htdocs\modules\images\control_middle.gif <-- Crusade /sjsucc/webroot/modules/images control_middle.gif
2002.09.23 12:48 B C:\Program Files\Apache Group\Apache\htdocs\modules\images\control_top.gif <-- Crusade /sjsucc/webroot/modules/images control_top.gif
2002.09.23 12:48 B C:\Program Files\Apache Group\Apache\htdocs\modules\images\header_add.gif <-- Crusade /sjsucc/webroot/modules/images header_add.gif
2002.09.23 12:48 B C:\Program Files\Apache Group\Apache\htdocs\modules\images\header_agenda.gif <-- Crusade /sjsucc/webroot/modules/images header_agenda.gif
2002.09.23 12:48 B C:\Program Files\Apache Group\Apache\htdocs\modules\images\header_article.gif <-- Crusade /sjsucc/webroot/modules/images header_article.gif
2002.09.23 12:48 B C:\Program Files\Apache Group\Apache\htdocs\modules\images\header_calendar.gif <-- Crusade /sjsucc/webroot/modules/images header_calendar.gif
2002.09.23 12:48 B C:\Program Files\Apache Group\Apache\htdocs\modules\images\header_delete.gif <-- Crusade /sjsucc/webroot/modules/images header_delete.gif
2002.09.23 12:48 B C:\Program Files\Apache Group\Apache\htdocs\modules\images\header_edit.gif <-- Crusade /sjsucc/webroot/modules/images header_edit.gif
2002.09.23 12:48 B C:\Program Files\Apache Group\Apache\htdocs\modules\images\header_email.gif <-- Crusade /sjsucc/webroot/modules/images header_email.gif
2002.09.23 12:48 B C:\Program Files\Apache Group\Apache\htdocs\modules\images\header_login.gif <-- Crusade /sjsucc/webroot/modules/images header_login.gif
2002.09.23 12:48 B C:\Program Files\Apache Group\Apache\htdocs\modules\images\header_mainmenu.gif <-- Crusade /sjsucc/webroot/modules/images header_mainmenu.gif
2002.09.23 12:48 B C:\Program Files\Apache Group\Apache\htdocs\modules\images\header_picture.gif <-- Crusade /sjsucc/webroot/modules/images header_picture.gif
2002.09.23 12:48 B C:\Program Files\Apache Group\Apache\htdocs\modules\images\next.jpg <-- Crusade /sjsucc/webroot/modules/images next.jpg
2002.09.23 12:48 B C:\Program Files\Apache Group\Apache\htdocs\modules\images\previous.jpg <-- Crusade /sjsucc/webroot/modules/images previous.jpg
2002.09.23 12:48 B C:\Program Files\Apache Group\Apache\htdocs\modules\images\top_left.gif <-- Crusade /sjsucc/webroot/modules/images top_left.gif
2002.09.23 12:48 B C:\Program Files\Apache Group\Apache\htdocs\modules\images\top_right.gif <-- Crusade /sjsucc/webroot/modules/images top_right.gif
